# JRE version: 7.0_11-b21
# Java VM: Java HotSpot(TM) Client VM (23.6-b04 mixed mode windows-x86 )
Heap
 def new generation   total 27648K, used 7682K [0x102e0000, 0x120d0000, 0x122e0000)
  eden space 24640K,  20% used [0x102e0000, 0x107eb678, 0x11af0000)
  from space 3008K,  83% used [0x11af0000, 0x11d65200, 0x11de0000)
  to   space 3008K,   0% used [0x11de0000, 0x11de0000, 0x120d0000)
 tenured generation   total 91700K, used 74509K [0x122e0000, 0x17c6d000, 0x182e0000)
   the space 91700K,  81% used [0x122e0000, 0x16ba3540, 0x16ba3600, 0x17c6d000)
 compacting perm gen  total 40192K, used 40129K [0x182e0000, 0x1aa20000, 0x1e2e0000)
   the space 40192K,  99% used [0x182e0000, 0x1aa10448, 0x1aa10600, 0x1aa20000)
GC Heap History (10 events):
Event: 2174.543 GC heap before
{Heap before GC invocations=185 (full 2):
 def new generation   total 27648K, used 24393K [0x102e0000, 0x120d0000, 0x122e0000)
  eden space 24640K,  95% used [0x102e0000, 0x119c7958, 0x11af0000)
  from space 3008K,  31% used [0x11de0000, 0x11ecadc8, 0x120d0000)
  to   space 3008K,   0% used [0x11af0000, 0x11af0000, 0x11de0000)
 tenured generation   total 91700K, used 68294K [0x122e0000, 0x17c6d000, 0x182e0000)
   the space 91700K,  74% used [0x122e0000, 0x16591978, 0x16591a00, 0x17c6d000)
 compacting perm gen  total 40192K, used 40087K [0x182e0000, 0x1aa20000, 0x1e2e0000)
   the space 40192K,  99% used [0x182e0000, 0x1aa05eb8, 0x1aa06000, 0x1aa20000)
No shared spaces configured.
Event: 2174.550 GC heap after
Heap after GC invocations=186 (full 2):
 def new generation   total 27648K, used 386K [0x102e0000, 0x120d0000, 0x122e0000)
  eden space 24640K,   0% used [0x102e0000, 0x102e0000, 0x11af0000)
  from space 3008K,  12% used [0x11af0000, 0x11b50ac8, 0x11de0000)
  to   space 3008K,   0% used [0x11de0000, 0x11de0000, 0x120d0000)
 tenured generation   total 91700K, used 68294K [0x122e0000, 0x17c6d000, 0x182e0000)
   the space 91700K,  74% used [0x122e0000, 0x16591978, 0x16591a00, 0x17c6d000)
 compacting perm gen  total 40192K, used 40087K [0x182e0000, 0x1aa20000, 0x1e2e0000)
   the space 40192K,  99% used [0x182e0000, 0x1aa05eb8, 0x1aa06000, 0x1aa20000)
No shared spaces configured.
}
Event: 2177.336 GC heap before
{Heap before GC invocations=186 (full 2):
 def new generation   total 27648K, used 25026K [0x102e0000, 0x120d0000, 0x122e0000)
  eden space 24640K, 100% used [0x102e0000, 0x11af0000, 0x11af0000)
  from space 3008K,  12% used [0x11af0000, 0x11b50ac8, 0x11de0000)
  to   space 3008K,   0% used [0x11de0000, 0x11de0000, 0x120d0000)
 tenured generation   total 91700K, used 68294K [0x122e0000, 0x17c6d000, 0x182e0000)
   the space 91700K,  74% used [0x122e0000, 0x16591978, 0x16591a00, 0x17c6d000)
 compacting perm gen  total 40192K, used 40087K [0x182e0000, 0x1aa20000, 0x1e2e0000)
   the space 40192K,  99% used [0x182e0000, 0x1aa05ed8, 0x1aa06000, 0x1aa20000)
No shared spaces configured.
Event: 2177.340 GC heap after
Heap after GC invocations=187 (full 2):
 def new generation   total 27648K, used 974K [0x102e0000, 0x120d0000, 0x122e0000)
  eden space 24640K,   0% used [0x102e0000, 0x102e0000, 0x11af0000)
  from space 3008K,  32% used [0x11de0000, 0x11ed3980, 0x120d0000)
  to   space 3008K,   0% used [0x11af0000, 0x11af0000, 0x11de0000)
 tenured generation   total 91700K, used 68294K [0x122e0000, 0x17c6d000, 0x182e0000)
   the space 91700K,  74% used [0x122e0000, 0x16591978, 0x16591a00, 0x17c6d000)
 compacting perm gen  total 40192K, used 40087K [0x182e0000, 0x1aa20000, 0x1e2e0000)
   the space 40192K,  99% used [0x182e0000, 0x1aa05ed8, 0x1aa06000, 0x1aa20000)
No shared spaces configured.
}
Event: 2183.355 GC heap before
{Heap before GC invocations=187 (full 2):
 def new generation   total 27648K, used 25614K [0x102e0000, 0x120d0000, 0x122e0000)
  eden space 24640K, 100% used [0x102e0000, 0x11af0000, 0x11af0000)
  from space 3008K,  32% used [0x11de0000, 0x11ed3980, 0x120d0000)
  to   space 3008K,   0% used [0x11af0000, 0x11af0000, 0x11de0000)
 tenured generation   total 91700K, used 68294K [0x122e0000, 0x17c6d000, 0x182e0000)
   the space 91700K,  74% used [0x122e0000, 0x16591978, 0x16591a00, 0x17c6d000)
 compacting perm gen  total 40192K, used 40087K [0x182e0000, 0x1aa20000, 0x1e2e0000)
   the space 40192K,  99% used [0x182e0000, 0x1aa05ed8, 0x1aa06000, 0x1aa20000)
No shared spaces configured.
Event: 2183.363 GC heap after
Heap after GC invocations=188 (full 2):
 def new generation   total 27648K, used 957K [0x102e0000, 0x120d0000, 0x122e0000)
  eden space 24640K,   0% used [0x102e0000, 0x102e0000, 0x11af0000)
  from space 3008K,  31% used [0x11af0000, 0x11bdf638, 0x11de0000)
  to   space 3008K,   0% used [0x11de0000, 0x11de0000, 0x120d0000)
 tenured generation   total 91700K, used 68294K [0x122e0000, 0x17c6d000, 0x182e0000)
   the space 91700K,  74% used [0x122e0000, 0x16591978, 0x16591a00, 0x17c6d000)
 compacting perm gen  total 40192K, used 40087K [0x182e0000, 0x1aa20000, 0x1e2e0000)
   the space 40192K,  99% used [0x182e0000, 0x1aa05ed8, 0x1aa06000, 0x1aa20000)
No shared spaces configured.
}
Event: 2210.265 GC heap before
{Heap before GC invocations=188 (full 2):
 def new generation   total 27648K, used 25597K [0x102e0000, 0x120d0000, 0x122e0000)
  eden space 24640K, 100% used [0x102e0000, 0x11af0000, 0x11af0000)
  from space 3008K,  31% used [0x11af0000, 0x11bdf638, 0x11de0000)
  to   space 3008K,   0% used [0x11de0000, 0x11de0000, 0x120d0000)
 tenured generation   total 91700K, used 68294K [0x122e0000, 0x17c6d000, 0x182e0000)
   the space 91700K,  74% used [0x122e0000, 0x16591978, 0x16591a00, 0x17c6d000)
 compacting perm gen  total 40192K, used 40087K [0x182e0000, 0x1aa20000, 0x1e2e0000)
   the space 40192K,  99% used [0x182e0000, 0x1aa05f28, 0x1aa06000, 0x1aa20000)
No shared spaces configured.
Event: 2210.277 GC heap after
Heap after GC invocations=189 (full 2):
 def new generation   total 27648K, used 359K [0x102e0000, 0x120d0000, 0x122e0000)
  eden space 24640K,   0% used [0x102e0000, 0x102e0000, 0x11af0000)
  from space 3008K,  11% used [0x11de0000, 0x11e39ca8, 0x120d0000)
  to   space 3008K,   0% used [0x11af0000, 0x11af0000, 0x11de0000)
 tenured generation   total 91700K, used 74509K [0x122e0000, 0x17c6d000, 0x182e0000)
   the space 91700K,  81% used [0x122e0000, 0x16ba3540, 0x16ba3600, 0x17c6d000)
 compacting perm gen  total 40192K, used 40087K [0x182e0000, 0x1aa20000, 0x1e2e0000)
   the space 40192K,  99% used [0x182e0000, 0x1aa05f28, 0x1aa06000, 0x1aa20000)
No shared spaces configured.
}
Event: 2236.245 GC heap before
{Heap before GC invocations=189 (full 2):
 def new generation   total 27648K, used 24999K [0x102e0000, 0x120d0000, 0x122e0000)
  eden space 24640K, 100% used [0x102e0000, 0x11af0000, 0x11af0000)
  from space 3008K,  11% used [0x11de0000, 0x11e39ca8, 0x120d0000)
  to   space 3008K,   0% used [0x11af0000, 0x11af0000, 0x11de0000)
 tenured generation   total 91700K, used 74509K [0x122e0000, 0x17c6d000, 0x182e0000)
   the space 91700K,  81% used [0x122e0000, 0x16ba3540, 0x16ba3600, 0x17c6d000)
 compacting perm gen  total 40192K, used 40129K [0x182e0000, 0x1aa20000, 0x1e2e0000)
   the space 40192K,  99% used [0x182e0000, 0x1aa10438, 0x1aa10600, 0x1aa20000)
No shared spaces configured.
Event: 2236.259 GC heap after
Heap after GC invocations=190 (full 2):
 def new generation   total 27648K, used 2516K [0x102e0000, 0x120d0000, 0x122e0000)
  eden space 24640K,   0% used [0x102e0000, 0x102e0000, 0x11af0000)
  from space 3008K,  83% used [0x11af0000, 0x11d65200, 0x11de0000)
  to   space 3008K,   0% used [0x11de0000, 0x11de0000, 0x120d0000)
 tenured generation   total 91700K, used 74509K [0x122e0000, 0x17c6d000, 0x182e0000)
   the space 91700K,  81% used [0x122e0000, 0x16ba3540, 0x16ba3600, 0x17c6d000)
 compacting perm gen  total 40192K, used 40129K [0x182e0000, 0x1aa20000, 0x1e2e0000)
   the space 40192K,  99% used [0x182e0000, 0x1aa10438, 0x1aa10600, 0x1aa20000)
No shared spaces configured.
}

